<?xml version="1.0" encoding="UTF-8"?>
<coverage generated="1431641011">
  <project timestamp="1431641011">
    <package name="phpsolr">
      <file name="/var/www/UsefulPHPClasses/phpsolr/src/Client.php">
        <class name="Client" namespace="phpsolr">
          <metrics methods="5" coveredmethods="0" conditionals="0" coveredconditionals="0" statements="41" coveredstatements="0" elements="46" coveredelements="0"/>
        </class>
        <line num="4" type="stmt" count="0"/>
        <line num="25" type="method" name="__construct" crap="2" count="0"/>
        <line num="26" type="stmt" count="0"/>
        <line num="27" type="stmt" count="0"/>
        <line num="28" type="stmt" count="0"/>
        <line num="33" type="method" name="getQuery" crap="6" count="0"/>
        <line num="34" type="stmt" count="0"/>
        <line num="35" type="stmt" count="0"/>
        <line num="36" type="stmt" count="0"/>
        <line num="37" type="stmt" count="0"/>
        <line num="39" type="stmt" count="0"/>
        <line num="40" type="stmt" count="0"/>
        <line num="45" type="method" name="executeQuery" crap="20" count="0"/>
        <line num="46" type="stmt" count="0"/>
        <line num="47" type="stmt" count="0"/>
        <line num="48" type="stmt" count="0"/>
        <line num="49" type="stmt" count="0"/>
        <line num="51" type="stmt" count="0"/>
        <line num="52" type="stmt" count="0"/>
        <line num="53" type="stmt" count="0"/>
        <line num="54" type="stmt" count="0"/>
        <line num="56" type="stmt" count="0"/>
        <line num="57" type="stmt" count="0"/>
        <line num="58" type="stmt" count="0"/>
        <line num="59" type="stmt" count="0"/>
        <line num="60" type="stmt" count="0"/>
        <line num="64" type="stmt" count="0"/>
        <line num="65" type="stmt" count="0"/>
        <line num="66" type="stmt" count="0"/>
        <line num="68" type="stmt" count="0"/>
        <line num="70" type="stmt" count="0"/>
        <line num="73" type="stmt" count="0"/>
        <line num="78" type="method" name="getCurl" crap="2" count="0"/>
        <line num="79" type="stmt" count="0"/>
        <line num="80" type="stmt" count="0"/>
        <line num="81" type="stmt" count="0"/>
        <line num="82" type="stmt" count="0"/>
        <line num="87" type="method" name="getUri" crap="2" count="0"/>
        <line num="88" type="stmt" count="0"/>
        <line num="89" type="stmt" count="0"/>
        <line num="90" type="stmt" count="0"/>
        <line num="91" type="stmt" count="0"/>
        <line num="92" type="stmt" count="0"/>
        <line num="93" type="stmt" count="0"/>
        <line num="94" type="stmt" count="0"/>
        <line num="95" type="stmt" count="0"/>
        <line num="96" type="stmt" count="0"/>
        <metrics loc="98" ncloc="71" classes="1" methods="5" coveredmethods="0" conditionals="0" coveredconditionals="0" statements="42" coveredstatements="0" elements="47" coveredelements="0"/>
      </file>
      <file name="/var/www/UsefulPHPClasses/phpsolr/src/Configuration.php">
        <class name="Configuration" namespace="phpsolr">
          <metrics methods="10" coveredmethods="0" conditionals="0" coveredconditionals="0" statements="50" coveredstatements="0" elements="60" coveredelements="0"/>
        </class>
        <line num="4" type="stmt" count="0"/>
        <line num="30" type="method" name="__construct" crap="2" count="0"/>
        <line num="31" type="stmt" count="0"/>
        <line num="32" type="stmt" count="0"/>
        <line num="33" type="stmt" count="0"/>
        <line num="34" type="stmt" count="0"/>
        <line num="40" type="method" name="validate" crap="20" count="0"/>
        <line num="41" type="stmt" count="0"/>
        <line num="42" type="stmt" count="0"/>
        <line num="44" type="stmt" count="0"/>
        <line num="45" type="stmt" count="0"/>
        <line num="46" type="stmt" count="0"/>
        <line num="47" type="stmt" count="0"/>
        <line num="49" type="stmt" count="0"/>
        <line num="50" type="stmt" count="0"/>
        <line num="52" type="stmt" count="0"/>
        <line num="53" type="stmt" count="0"/>
        <line num="54" type="stmt" count="0"/>
        <line num="55" type="stmt" count="0"/>
        <line num="61" type="method" name="getScheme" crap="2" count="0"/>
        <line num="62" type="stmt" count="0"/>
        <line num="63" type="stmt" count="0"/>
        <line num="64" type="stmt" count="0"/>
        <line num="70" type="method" name="getHost" crap="2" count="0"/>
        <line num="71" type="stmt" count="0"/>
        <line num="72" type="stmt" count="0"/>
        <line num="73" type="stmt" count="0"/>
        <line num="79" type="method" name="getPort" crap="2" count="0"/>
        <line num="80" type="stmt" count="0"/>
        <line num="81" type="stmt" count="0"/>
        <line num="82" type="stmt" count="0"/>
        <line num="88" type="method" name="getPath" crap="2" count="0"/>
        <line num="89" type="stmt" count="0"/>
        <line num="90" type="stmt" count="0"/>
        <line num="91" type="stmt" count="0"/>
        <line num="97" type="method" name="getRequestHandler" crap="2" count="0"/>
        <line num="98" type="stmt" count="0"/>
        <line num="99" type="stmt" count="0"/>
        <line num="100" type="stmt" count="0"/>
        <line num="106" type="method" name="toCurlOptions" crap="12" count="0"/>
        <line num="107" type="stmt" count="0"/>
        <line num="108" type="stmt" count="0"/>
        <line num="110" type="stmt" count="0"/>
        <line num="111" type="stmt" count="0"/>
        <line num="112" type="stmt" count="0"/>
        <line num="114" type="stmt" count="0"/>
        <line num="115" type="stmt" count="0"/>
        <line num="116" type="stmt" count="0"/>
        <line num="118" type="stmt" count="0"/>
        <line num="119" type="stmt" count="0"/>
        <line num="126" type="method" name="get" crap="6" count="0"/>
        <line num="127" type="stmt" count="0"/>
        <line num="128" type="stmt" count="0"/>
        <line num="129" type="stmt" count="0"/>
        <line num="130" type="stmt" count="0"/>
        <line num="132" type="stmt" count="0"/>
        <line num="133" type="stmt" count="0"/>
        <line num="139" type="method" name="has" crap="2" count="0"/>
        <line num="140" type="stmt" count="0"/>
        <line num="141" type="stmt" count="0"/>
        <line num="142" type="stmt" count="0"/>
        <metrics loc="144" ncloc="97" classes="1" methods="10" coveredmethods="0" conditionals="0" coveredconditionals="0" statements="51" coveredstatements="0" elements="61" coveredelements="0"/>
      </file>
      <file name="/var/www/UsefulPHPClasses/phpsolr/src/ConfigurationException.php">
        <class name="ConfigurationException" namespace="phpsolr">
          <metrics methods="0" coveredmethods="0" conditionals="0" coveredconditionals="0" statements="0" coveredstatements="0" elements="0" coveredelements="0"/>
        </class>
        <line num="4" type="stmt" count="0"/>
        <metrics loc="8" ncloc="8" classes="1" methods="0" coveredmethods="0" conditionals="0" coveredconditionals="0" statements="1" coveredstatements="0" elements="1" coveredelements="0"/>
      </file>
      <file name="/var/www/UsefulPHPClasses/phpsolr/src/Curl.php">
        <class name="Curl" namespace="phpsolr">
          <metrics methods="4" coveredmethods="0" conditionals="0" coveredconditionals="0" statements="35" coveredstatements="0" elements="39" coveredelements="0"/>
        </class>
        <line num="4" type="stmt" count="0"/>
        <line num="20" type="method" name="__construct" crap="2" count="0"/>
        <line num="21" type="stmt" count="0"/>
        <line num="22" type="stmt" count="0"/>
        <line num="23" type="stmt" count="0"/>
        <line num="31" type="method" name="execute" crap="6" count="0"/>
        <line num="32" type="stmt" count="0"/>
        <line num="33" type="stmt" count="0"/>
        <line num="34" type="stmt" count="0"/>
        <line num="35" type="stmt" count="0"/>
        <line num="37" type="stmt" count="0"/>
        <line num="38" type="stmt" count="0"/>
        <line num="39" type="stmt" count="0"/>
        <line num="40" type="stmt" count="0"/>
        <line num="41" type="stmt" count="0"/>
        <line num="42" type="stmt" count="0"/>
        <line num="44" type="stmt" count="0"/>
        <line num="46" type="stmt" count="0"/>
        <line num="48" type="stmt" count="0"/>
        <line num="49" type="stmt" count="0"/>
        <line num="51" type="method" name="getInfo" crap="6" count="0"/>
        <line num="52" type="stmt" count="0"/>
        <line num="53" type="stmt" count="0"/>
        <line num="54" type="stmt" count="0"/>
        <line num="55" type="stmt" count="0"/>
        <line num="57" type="stmt" count="0"/>
        <line num="58" type="stmt" count="0"/>
        <line num="65" type="method" name="fetchOptions" crap="12" count="0"/>
        <line num="66" type="stmt" count="0"/>
        <line num="67" type="stmt" count="0"/>
        <line num="68" type="stmt" count="0"/>
        <line num="69" type="stmt" count="0"/>
        <line num="71" type="stmt" count="0"/>
        <line num="72" type="stmt" count="0"/>
        <line num="73" type="stmt" count="0"/>
        <line num="74" type="stmt" count="0"/>
        <line num="76" type="stmt" count="0"/>
        <line num="77" type="stmt" count="0"/>
        <line num="79" type="stmt" count="0"/>
        <line num="80" type="stmt" count="0"/>
        <metrics loc="82" ncloc="62" classes="1" methods="4" coveredmethods="0" conditionals="0" coveredconditionals="0" statements="36" coveredstatements="0" elements="40" coveredelements="0"/>
      </file>
      <file name="/var/www/UsefulPHPClasses/phpsolr/src/Exception.php">
        <class name="Exception" namespace="phpsolr">
          <metrics methods="0" coveredmethods="0" conditionals="0" coveredconditionals="0" statements="0" coveredstatements="0" elements="0" coveredelements="0"/>
        </class>
        <metrics loc="8" ncloc="8" classes="1" methods="0" coveredmethods="0" conditionals="0" coveredconditionals="0" statements="0" coveredstatements="0" elements="0" coveredelements="0"/>
      </file>
      <file name="/var/www/UsefulPHPClasses/phpsolr/src/Map.php">
        <class name="Map" namespace="phpsolr">
          <metrics methods="6" coveredmethods="6" conditionals="0" coveredconditionals="0" statements="12" coveredstatements="12" elements="18" coveredelements="18"/>
        </class>
        <line num="18" type="method" name="isEmpty" crap="1" count="1"/>
        <line num="20" type="stmt" count="1"/>
        <line num="27" type="method" name="set" crap="1" count="5"/>
        <line num="29" type="stmt" count="5"/>
        <line num="30" type="stmt" count="5"/>
        <line num="36" type="method" name="has" crap="1" count="4"/>
        <line num="38" type="stmt" count="4"/>
        <line num="44" type="method" name="remove" crap="2" count="1"/>
        <line num="46" type="stmt" count="1"/>
        <line num="47" type="stmt" count="1"/>
        <line num="48" type="stmt" count="1"/>
        <line num="49" type="stmt" count="1"/>
        <line num="56" type="method" name="get" crap="2" count="2"/>
        <line num="58" type="stmt" count="2"/>
        <line num="59" type="stmt" count="1"/>
        <line num="62" type="stmt" count="1"/>
        <line num="68" type="method" name="getIterator" crap="1" count="1"/>
        <line num="70" type="stmt" count="1"/>
        <metrics loc="73" ncloc="45" classes="1" methods="6" coveredmethods="6" conditionals="0" coveredconditionals="0" statements="12" coveredstatements="12" elements="18" coveredelements="18"/>
      </file>
      <file name="/var/www/UsefulPHPClasses/phpsolr/src/MapException.php">
        <class name="MapException" namespace="phpsolr">
          <metrics methods="0" coveredmethods="0" conditionals="0" coveredconditionals="0" statements="0" coveredstatements="0" elements="0" coveredelements="0"/>
        </class>
        <metrics loc="8" ncloc="8" classes="1" methods="0" coveredmethods="0" conditionals="0" coveredconditionals="0" statements="0" coveredstatements="0" elements="0" coveredelements="0"/>
      </file>
      <file name="/var/www/UsefulPHPClasses/phpsolr/src/Query/QueryException.php">
        <class name="QueryException" namespace="phpsolr">
          <metrics methods="0" coveredmethods="0" conditionals="0" coveredconditionals="0" statements="0" coveredstatements="0" elements="0" coveredelements="0"/>
        </class>
        <line num="4" type="stmt" count="0"/>
        <metrics loc="8" ncloc="8" classes="1" methods="0" coveredmethods="0" conditionals="0" coveredconditionals="0" statements="1" coveredstatements="0" elements="1" coveredelements="0"/>
      </file>
      <file name="/var/www/UsefulPHPClasses/phpsolr/src/Request.php">
        <class name="Request" namespace="phpsolr">
          <metrics methods="4" coveredmethods="0" conditionals="0" coveredconditionals="0" statements="20" coveredstatements="0" elements="24" coveredelements="0"/>
        </class>
        <line num="4" type="stmt" count="0"/>
        <line num="22" type="method" name="__construct" crap="2" count="0"/>
        <line num="23" type="stmt" count="0"/>
        <line num="25" type="stmt" count="0"/>
        <line num="30" type="method" name="getQuery" crap="6" count="0"/>
        <line num="31" type="stmt" count="0"/>
        <line num="32" type="stmt" count="0"/>
        <line num="33" type="stmt" count="0"/>
        <line num="34" type="stmt" count="0"/>
        <line num="36" type="stmt" count="0"/>
        <line num="37" type="stmt" count="0"/>
        <line num="42" type="method" name="getSpellCheck" crap="6" count="0"/>
        <line num="43" type="stmt" count="0"/>
        <line num="44" type="stmt" count="0"/>
        <line num="45" type="stmt" count="0"/>
        <line num="46" type="stmt" count="0"/>
        <line num="48" type="stmt" count="0"/>
        <line num="49" type="stmt" count="0"/>
        <line num="54" type="method" name="getUpdater" crap="6" count="0"/>
        <line num="55" type="stmt" count="0"/>
        <line num="56" type="stmt" count="0"/>
        <line num="57" type="stmt" count="0"/>
        <line num="58" type="stmt" count="0"/>
        <line num="60" type="stmt" count="0"/>
        <line num="61" type="stmt" count="0"/>
        <metrics loc="63" ncloc="45" classes="1" methods="4" coveredmethods="0" conditionals="0" coveredconditionals="0" statements="21" coveredstatements="0" elements="25" coveredelements="0"/>
      </file>
      <file name="/var/www/UsefulPHPClasses/phpsolr/src/SpellCheck.php">
        <class name="SpellCheck" namespace="phpsolr">
          <metrics methods="0" coveredmethods="0" conditionals="0" coveredconditionals="0" statements="0" coveredstatements="0" elements="0" coveredelements="0"/>
        </class>
        <line num="4" type="stmt" count="0"/>
        <metrics loc="8" ncloc="8" classes="1" methods="0" coveredmethods="0" conditionals="0" coveredconditionals="0" statements="1" coveredstatements="0" elements="1" coveredelements="0"/>
      </file>
    </package>
    <package name="phpsolr\queries">
      <file name="/var/www/UsefulPHPClasses/phpsolr/src/Query/DisMax.php">
        <class name="DisMax" namespace="phpsolr\queries">
          <metrics methods="2" coveredmethods="0" conditionals="0" coveredconditionals="0" statements="6" coveredstatements="0" elements="8" coveredelements="0"/>
        </class>
        <line num="4" type="stmt" count="0"/>
        <line num="9" type="method" name="__construct" crap="2" count="0"/>
        <line num="10" type="stmt" count="0"/>
        <line num="11" type="stmt" count="0"/>
        <line num="12" type="stmt" count="0"/>
        <line num="17" type="method" name="setMinimumShouldMatch" crap="2" count="0"/>
        <line num="18" type="stmt" count="0"/>
        <line num="19" type="stmt" count="0"/>
        <line num="20" type="stmt" count="0"/>
        <metrics loc="22" ncloc="19" classes="1" methods="2" coveredmethods="0" conditionals="0" coveredconditionals="0" statements="7" coveredstatements="0" elements="9" coveredelements="0"/>
      </file>
      <file name="/var/www/UsefulPHPClasses/phpsolr/src/Query/Query.php">
        <class name="Query" namespace="phpsolr\queries">
          <metrics methods="17" coveredmethods="0" conditionals="0" coveredconditionals="0" statements="88" coveredstatements="0" elements="105" coveredelements="0"/>
        </class>
        <line num="4" type="stmt" count="0"/>
        <line num="43" type="method" name="isHeaderDisabled" crap="2" count="0"/>
        <line num="44" type="stmt" count="0"/>
        <line num="45" type="stmt" count="0"/>
        <line num="46" type="stmt" count="0"/>
        <line num="48" type="method" name="omitHeader" crap="2" count="0"/>
        <line num="49" type="stmt" count="0"/>
        <line num="50" type="stmt" count="0"/>
        <line num="51" type="stmt" count="0"/>
        <line num="57" type="method" name="setResponseFormat" crap="6" count="0"/>
        <line num="58" type="stmt" count="0"/>
        <line num="59" type="stmt" count="0"/>
        <line num="60" type="stmt" count="0"/>
        <line num="61" type="stmt" count="0"/>
        <line num="63" type="stmt" count="0"/>
        <line num="64" type="stmt" count="0"/>
        <line num="69" type="method" name="setQueryString" crap="2" count="0"/>
        <line num="70" type="stmt" count="0"/>
        <line num="71" type="stmt" count="0"/>
        <line num="72" type="stmt" count="0"/>
        <line num="78" type="method" name="sortBy" crap="2" count="0"/>
        <line num="79" type="stmt" count="0"/>
        <line num="80" type="stmt" count="0"/>
        <line num="81" type="stmt" count="0"/>
        <line num="87" type="method" name="escape" crap="2" count="0"/>
        <line num="88" type="stmt" count="0"/>
        <line num="89" type="stmt" count="0"/>
        <line num="90" type="stmt" count="0"/>
        <line num="92" type="stmt" count="0"/>
        <line num="93" type="stmt" count="0"/>
        <line num="98" type="method" name="setStart" crap="2" count="0"/>
        <line num="99" type="stmt" count="0"/>
        <line num="100" type="stmt" count="0"/>
        <line num="101" type="stmt" count="0"/>
        <line num="106" type="method" name="setRows" crap="2" count="0"/>
        <line num="107" type="stmt" count="0"/>
        <line num="108" type="stmt" count="0"/>
        <line num="109" type="stmt" count="0"/>
        <line num="114" type="method" name="setResponse" crap="2" count="0"/>
        <line num="115" type="stmt" count="0"/>
        <line num="116" type="stmt" count="0"/>
        <line num="117" type="stmt" count="0"/>
        <line num="118" type="stmt" count="0"/>
        <line num="123" type="method" name="getResponse" crap="6" count="0"/>
        <line num="124" type="stmt" count="0"/>
        <line num="125" type="stmt" count="0"/>
        <line num="127" type="stmt" count="0"/>
        <line num="129" type="stmt" count="0"/>
        <line num="130" type="stmt" count="0"/>
        <line num="136" type="method" name="getResponseFormat" crap="2" count="0"/>
        <line num="137" type="stmt" count="0"/>
        <line num="138" type="stmt" count="0"/>
        <line num="139" type="stmt" count="0"/>
        <line num="144" type="method" name="setFields" crap="2" count="0"/>
        <line num="145" type="stmt" count="0"/>
        <line num="146" type="stmt" count="0"/>
        <line num="147" type="stmt" count="0"/>
        <line num="152" type="method" name="setField" crap="6" count="0"/>
        <line num="153" type="stmt" count="0"/>
        <line num="154" type="stmt" count="0"/>
        <line num="155" type="stmt" count="0"/>
        <line num="156" type="stmt" count="0"/>
        <line num="157" type="stmt" count="0"/>
        <line num="159" type="stmt" count="0"/>
        <line num="160" type="stmt" count="0"/>
        <line num="165" type="method" name="getFacets" crap="6" count="0"/>
        <line num="166" type="stmt" count="0"/>
        <line num="167" type="stmt" count="0"/>
        <line num="168" type="stmt" count="0"/>
        <line num="169" type="stmt" count="0"/>
        <line num="171" type="stmt" count="0"/>
        <line num="172" type="stmt" count="0"/>
        <line num="177" type="method" name="getStats" crap="6" count="0"/>
        <line num="178" type="stmt" count="0"/>
        <line num="179" type="stmt" count="0"/>
        <line num="180" type="stmt" count="0"/>
        <line num="181" type="stmt" count="0"/>
        <line num="183" type="stmt" count="0"/>
        <line num="184" type="stmt" count="0"/>
        <line num="189" type="method" name="getDisMax" crap="6" count="0"/>
        <line num="190" type="stmt" count="0"/>
        <line num="191" type="stmt" count="0"/>
        <line num="192" type="stmt" count="0"/>
        <line num="193" type="stmt" count="0"/>
        <line num="195" type="stmt" count="0"/>
        <line num="196" type="stmt" count="0"/>
        <line num="201" type="method" name="__toString" crap="20" count="0"/>
        <line num="202" type="stmt" count="0"/>
        <line num="203" type="stmt" count="0"/>
        <line num="204" type="stmt" count="0"/>
        <line num="205" type="stmt" count="0"/>
        <line num="207" type="stmt" count="0"/>
        <line num="208" type="stmt" count="0"/>
        <line num="210" type="stmt" count="0"/>
        <line num="211" type="stmt" count="0"/>
        <line num="212" type="stmt" count="0"/>
        <line num="214" type="stmt" count="0"/>
        <line num="216" type="stmt" count="0"/>
        <line num="217" type="stmt" count="0"/>
        <line num="218" type="stmt" count="0"/>
        <line num="220" type="stmt" count="0"/>
        <line num="221" type="stmt" count="0"/>
        <line num="223" type="stmt" count="0"/>
        <line num="224" type="stmt" count="0"/>
        <line num="226" type="stmt" count="0"/>
        <line num="227" type="stmt" count="0"/>
        <metrics loc="229" ncloc="160" classes="1" methods="17" coveredmethods="0" conditionals="0" coveredconditionals="0" statements="89" coveredstatements="0" elements="106" coveredelements="0"/>
      </file>
    </package>
    <package name="phpsolr\queries\facets">
      <file name="/var/www/UsefulPHPClasses/phpsolr/src/Query/Facets/AbstractField.php">
        <class name="AbstractField" namespace="phpsolr\queries\facets">
          <metrics methods="5" coveredmethods="0" conditionals="0" coveredconditionals="0" statements="27" coveredstatements="0" elements="32" coveredelements="0"/>
        </class>
        <line num="4" type="stmt" count="0"/>
        <line num="25" type="method" name="__construct" crap="2" count="0"/>
        <line num="26" type="stmt" count="0"/>
        <line num="27" type="stmt" count="0"/>
        <line num="28" type="stmt" count="0"/>
        <line num="34" type="method" name="addExclude" crap="2" count="0"/>
        <line num="35" type="stmt" count="0"/>
        <line num="36" type="stmt" count="0"/>
        <line num="37" type="stmt" count="0"/>
        <line num="38" type="stmt" count="0"/>
        <line num="44" type="method" name="addExcludes" crap="2" count="0"/>
        <line num="45" type="stmt" count="0"/>
        <line num="46" type="stmt" count="0"/>
        <line num="47" type="stmt" count="0"/>
        <line num="48" type="stmt" count="0"/>
        <line num="54" type="method" name="setKey" crap="2" count="0"/>
        <line num="55" type="stmt" count="0"/>
        <line num="56" type="stmt" count="0"/>
        <line num="57" type="stmt" count="0"/>
        <line num="58" type="stmt" count="0"/>
        <line num="64" type="method" name="__toString" crap="12" count="0"/>
        <line num="65" type="stmt" count="0"/>
        <line num="66" type="stmt" count="0"/>
        <line num="67" type="stmt" count="0"/>
        <line num="68" type="stmt" count="0"/>
        <line num="70" type="stmt" count="0"/>
        <line num="71" type="stmt" count="0"/>
        <line num="72" type="stmt" count="0"/>
        <line num="74" type="stmt" count="0"/>
        <line num="75" type="stmt" count="0"/>
        <line num="76" type="stmt" count="0"/>
        <line num="78" type="stmt" count="0"/>
        <line num="79" type="stmt" count="0"/>
        <metrics loc="84" ncloc="56" classes="1" methods="5" coveredmethods="0" conditionals="0" coveredconditionals="0" statements="28" coveredstatements="0" elements="33" coveredelements="0"/>
      </file>
      <file name="/var/www/UsefulPHPClasses/phpsolr/src/Query/Facets/Facets.php">
        <class name="Facets" namespace="phpsolr\queries\facets">
          <metrics methods="6" coveredmethods="0" conditionals="0" coveredconditionals="0" statements="31" coveredstatements="0" elements="37" coveredelements="0"/>
        </class>
        <line num="4" type="stmt" count="0"/>
        <line num="21" type="method" name="createField" crap="2" count="0"/>
        <line num="22" type="stmt" count="0"/>
        <line num="23" type="stmt" count="0"/>
        <line num="25" type="stmt" count="0"/>
        <line num="26" type="stmt" count="0"/>
        <line num="27" type="stmt" count="0"/>
        <line num="32" type="method" name="setFields" crap="2" count="0"/>
        <line num="33" type="stmt" count="0"/>
        <line num="34" type="stmt" count="0"/>
        <line num="35" type="stmt" count="0"/>
        <line num="41" type="method" name="createQuery" crap="2" count="0"/>
        <line num="42" type="stmt" count="0"/>
        <line num="43" type="stmt" count="0"/>
        <line num="45" type="stmt" count="0"/>
        <line num="46" type="stmt" count="0"/>
        <line num="47" type="stmt" count="0"/>
        <line num="52" type="method" name="setQueries" crap="2" count="0"/>
        <line num="53" type="stmt" count="0"/>
        <line num="54" type="stmt" count="0"/>
        <line num="55" type="stmt" count="0"/>
        <line num="60" type="method" name="hasParameters" crap="6" count="0"/>
        <line num="61" type="stmt" count="0"/>
        <line num="62" type="stmt" count="0"/>
        <line num="63" type="stmt" count="0"/>
        <line num="64" type="stmt" count="0"/>
        <line num="69" type="method" name="getParameters" crap="12" count="0"/>
        <line num="70" type="stmt" count="0"/>
        <line num="71" type="stmt" count="0"/>
        <line num="72" type="stmt" count="0"/>
        <line num="74" type="stmt" count="0"/>
        <line num="75" type="stmt" count="0"/>
        <line num="76" type="stmt" count="0"/>
        <line num="78" type="stmt" count="0"/>
        <line num="79" type="stmt" count="0"/>
        <line num="80" type="stmt" count="0"/>
        <line num="82" type="stmt" count="0"/>
        <line num="83" type="stmt" count="0"/>
        <metrics loc="85" ncloc="59" classes="1" methods="6" coveredmethods="0" conditionals="0" coveredconditionals="0" statements="32" coveredstatements="0" elements="38" coveredelements="0"/>
      </file>
      <file name="/var/www/UsefulPHPClasses/phpsolr/src/Query/Facets/Field.php">
        <class name="Field" namespace="phpsolr\queries\facets">
          <metrics methods="0" coveredmethods="0" conditionals="0" coveredconditionals="0" statements="0" coveredstatements="0" elements="0" coveredelements="0"/>
        </class>
        <line num="4" type="stmt" count="0"/>
        <metrics loc="8" ncloc="8" classes="1" methods="0" coveredmethods="0" conditionals="0" coveredconditionals="0" statements="1" coveredstatements="0" elements="1" coveredelements="0"/>
      </file>
      <file name="/var/www/UsefulPHPClasses/phpsolr/src/Query/Facets/Query.php">
        <class name="Query" namespace="phpsolr\queries\facets">
          <metrics methods="4" coveredmethods="0" conditionals="0" coveredconditionals="0" statements="19" coveredstatements="0" elements="23" coveredelements="0"/>
        </class>
        <line num="4" type="stmt" count="0"/>
        <line num="25" type="method" name="__construct" crap="2" count="0"/>
        <line num="26" type="stmt" count="0"/>
        <line num="27" type="stmt" count="0"/>
        <line num="28" type="stmt" count="0"/>
        <line num="34" type="method" name="setValue" crap="2" count="0"/>
        <line num="35" type="stmt" count="0"/>
        <line num="36" type="stmt" count="0"/>
        <line num="37" type="stmt" count="0"/>
        <line num="38" type="stmt" count="0"/>
        <line num="44" type="method" name="excludeTag" crap="2" count="0"/>
        <line num="45" type="stmt" count="0"/>
        <line num="46" type="stmt" count="0"/>
        <line num="47" type="stmt" count="0"/>
        <line num="48" type="stmt" count="0"/>
        <line num="53" type="method" name="__toString" crap="6" count="0"/>
        <line num="54" type="stmt" count="0"/>
        <line num="55" type="stmt" count="0"/>
        <line num="56" type="stmt" count="0"/>
        <line num="58" type="stmt" count="0"/>
        <line num="59" type="stmt" count="0"/>
        <line num="60" type="stmt" count="0"/>
        <line num="62" type="stmt" count="0"/>
        <line num="63" type="stmt" count="0"/>
        <metrics loc="65" ncloc="42" classes="1" methods="4" coveredmethods="0" conditionals="0" coveredconditionals="0" statements="20" coveredstatements="0" elements="24" coveredelements="0"/>
      </file>
    </package>
    <package name="phpsolr\queries\stats">
      <file name="/var/www/UsefulPHPClasses/phpsolr/src/Query/Stats/Field.php">
        <class name="Field" namespace="phpsolr\queries\stats">
          <metrics methods="0" coveredmethods="0" conditionals="0" coveredconditionals="0" statements="0" coveredstatements="0" elements="0" coveredelements="0"/>
        </class>
        <line num="4" type="stmt" count="0"/>
        <metrics loc="10" ncloc="10" classes="1" methods="0" coveredmethods="0" conditionals="0" coveredconditionals="0" statements="1" coveredstatements="0" elements="1" coveredelements="0"/>
      </file>
      <file name="/var/www/UsefulPHPClasses/phpsolr/src/Query/Stats/Stats.php">
        <class name="Stats" namespace="phpsolr\queries\stats">
          <metrics methods="4" coveredmethods="0" conditionals="0" coveredconditionals="0" statements="18" coveredstatements="0" elements="22" coveredelements="0"/>
        </class>
        <line num="4" type="stmt" count="0"/>
        <line num="16" type="method" name="createField" crap="2" count="0"/>
        <line num="17" type="stmt" count="0"/>
        <line num="18" type="stmt" count="0"/>
        <line num="20" type="stmt" count="0"/>
        <line num="21" type="stmt" count="0"/>
        <line num="22" type="stmt" count="0"/>
        <line num="27" type="method" name="setFields" crap="2" count="0"/>
        <line num="28" type="stmt" count="0"/>
        <line num="29" type="stmt" count="0"/>
        <line num="30" type="stmt" count="0"/>
        <line num="35" type="method" name="hasParameters" crap="2" count="0"/>
        <line num="36" type="stmt" count="0"/>
        <line num="37" type="stmt" count="0"/>
        <line num="38" type="stmt" count="0"/>
        <line num="43" type="method" name="getParameters" crap="6" count="0"/>
        <line num="44" type="stmt" count="0"/>
        <line num="45" type="stmt" count="0"/>
        <line num="47" type="stmt" count="0"/>
        <line num="48" type="stmt" count="0"/>
        <line num="49" type="stmt" count="0"/>
        <line num="51" type="stmt" count="0"/>
        <line num="52" type="stmt" count="0"/>
        <metrics loc="54" ncloc="38" classes="1" methods="4" coveredmethods="0" conditionals="0" coveredconditionals="0" statements="19" coveredstatements="0" elements="23" coveredelements="0"/>
      </file>
    </package>
    <package name="phpsolr\Responses">
      <file name="/var/www/UsefulPHPClasses/phpsolr/src/Responses/AbstractResponse.php">
        <class name="AbstractResponse" namespace="phpsolr\Responses">
          <metrics methods="6" coveredmethods="0" conditionals="0" coveredconditionals="0" statements="18" coveredstatements="0" elements="24" coveredelements="0"/>
        </class>
        <line num="4" type="stmt" count="0"/>
        <line num="24" type="method" name="setQuery" crap="2" count="0"/>
        <line num="25" type="stmt" count="0"/>
        <line num="26" type="stmt" count="0"/>
        <line num="27" type="stmt" count="0"/>
        <line num="32" type="method" name="getQuery" crap="2" count="0"/>
        <line num="33" type="stmt" count="0"/>
        <line num="34" type="stmt" count="0"/>
        <line num="35" type="stmt" count="0"/>
        <line num="40" type="method" name="setResponse" crap="2" count="0"/>
        <line num="41" type="stmt" count="0"/>
        <line num="42" type="stmt" count="0"/>
        <line num="43" type="stmt" count="0"/>
        <line num="45" type="method" name="getResponse" crap="2" count="0"/>
        <line num="46" type="stmt" count="0"/>
        <line num="47" type="stmt" count="0"/>
        <line num="48" type="stmt" count="0"/>
        <line num="53" type="method" name="setRaw" crap="2" count="0"/>
        <line num="54" type="stmt" count="0"/>
        <line num="55" type="stmt" count="0"/>
        <line num="56" type="stmt" count="0"/>
        <line num="61" type="method" name="getRaw" crap="2" count="0"/>
        <line num="62" type="stmt" count="0"/>
        <line num="63" type="stmt" count="0"/>
        <line num="64" type="stmt" count="0"/>
        <metrics loc="76" ncloc="52" classes="1" methods="6" coveredmethods="0" conditionals="0" coveredconditionals="0" statements="19" coveredstatements="0" elements="25" coveredelements="0"/>
      </file>
      <file name="/var/www/UsefulPHPClasses/phpsolr/src/Responses/JsonResponse.php">
        <class name="JsonResponse" namespace="phpsolr\Responses">
          <metrics methods="9" coveredmethods="0" conditionals="0" coveredconditionals="0" statements="38" coveredstatements="0" elements="47" coveredelements="0"/>
        </class>
        <line num="3" type="stmt" count="0"/>
        <line num="13" type="method" name="__construct" crap="2" count="0"/>
        <line num="14" type="stmt" count="0"/>
        <line num="15" type="stmt" count="0"/>
        <line num="16" type="stmt" count="0"/>
        <line num="17" type="stmt" count="0"/>
        <line num="23" type="method" name="getNumFound" crap="2" count="0"/>
        <line num="24" type="stmt" count="0"/>
        <line num="25" type="stmt" count="0"/>
        <line num="26" type="stmt" count="0"/>
        <line num="32" type="method" name="getResponseHeader" crap="12" count="0"/>
        <line num="33" type="stmt" count="0"/>
        <line num="34" type="stmt" count="0"/>
        <line num="35" type="stmt" count="0"/>
        <line num="37" type="stmt" count="0"/>
        <line num="38" type="stmt" count="0"/>
        <line num="39" type="stmt" count="0"/>
        <line num="41" type="stmt" count="0"/>
        <line num="42" type="stmt" count="0"/>
        <line num="44" type="stmt" count="0"/>
        <line num="45" type="stmt" count="0"/>
        <line num="50" type="method" name="getFacetCounts" crap="2" count="0"/>
        <line num="51" type="stmt" count="0"/>
        <line num="52" type="stmt" count="0"/>
        <line num="53" type="stmt" count="0"/>
        <line num="58" type="method" name="getDocuments" crap="2" count="0"/>
        <line num="59" type="stmt" count="0"/>
        <line num="60" type="stmt" count="0"/>
        <line num="61" type="stmt" count="0"/>
        <line num="66" type="method" name="getIterator" crap="2" count="0"/>
        <line num="67" type="stmt" count="0"/>
        <line num="68" type="stmt" count="0"/>
        <line num="69" type="stmt" count="0"/>
        <line num="74" type="method" name="hasError" crap="2" count="0"/>
        <line num="75" type="stmt" count="0"/>
        <line num="76" type="stmt" count="0"/>
        <line num="77" type="stmt" count="0"/>
        <line num="83" type="method" name="getError" crap="6" count="0"/>
        <line num="84" type="stmt" count="0"/>
        <line num="85" type="stmt" count="0"/>
        <line num="86" type="stmt" count="0"/>
        <line num="87" type="stmt" count="0"/>
        <line num="89" type="stmt" count="0"/>
        <line num="90" type="stmt" count="0"/>
        <line num="95" type="method" name="getSpellCheck" crap="2" count="0"/>
        <line num="96" type="stmt" count="0"/>
        <line num="97" type="stmt" count="0"/>
        <line num="98" type="stmt" count="0"/>
        <metrics loc="100" ncloc="70" classes="1" methods="9" coveredmethods="0" conditionals="0" coveredconditionals="0" statements="39" coveredstatements="0" elements="48" coveredelements="0"/>
      </file>
      <file name="/var/www/UsefulPHPClasses/phpsolr/src/Responses/ResponseException.php">
        <class name="ResponseException" namespace="phpsolr\Responses">
          <metrics methods="0" coveredmethods="0" conditionals="0" coveredconditionals="0" statements="0" coveredstatements="0" elements="0" coveredelements="0"/>
        </class>
        <line num="4" type="stmt" count="0"/>
        <metrics loc="10" ncloc="10" classes="1" methods="0" coveredmethods="0" conditionals="0" coveredconditionals="0" statements="1" coveredstatements="0" elements="1" coveredelements="0"/>
      </file>
    </package>
    <file name="/var/www/UsefulPHPClasses/phpsolr/src/Responses/ErrorInterface.php">
      <line num="4" type="stmt" count="0"/>
      <metrics loc="10" ncloc="10" classes="0" methods="0" coveredmethods="0" conditionals="0" coveredconditionals="0" statements="1" coveredstatements="0" elements="1" coveredelements="0"/>
    </file>
    <package name="phpsolr\Responses\json">
      <file name="/var/www/UsefulPHPClasses/phpsolr/src/Responses/Json/AbstractResponseField.php">
        <class name="AbstractResponseField" namespace="phpsolr\Responses\json">
          <metrics methods="2" coveredmethods="0" conditionals="0" coveredconditionals="0" statements="6" coveredstatements="0" elements="8" coveredelements="0"/>
        </class>
        <line num="4" type="stmt" count="0"/>
        <line num="15" type="method" name="__construct" crap="2" count="0"/>
        <line num="16" type="stmt" count="0"/>
        <line num="17" type="stmt" count="0"/>
        <line num="18" type="stmt" count="0"/>
        <line num="23" type="method" name="getResponseField" crap="2" count="0"/>
        <line num="24" type="stmt" count="0"/>
        <line num="25" type="stmt" count="0"/>
        <line num="26" type="stmt" count="0"/>
        <metrics loc="28" ncloc="19" classes="1" methods="2" coveredmethods="0" conditionals="0" coveredconditionals="0" statements="7" coveredstatements="0" elements="9" coveredelements="0"/>
      </file>
      <file name="/var/www/UsefulPHPClasses/phpsolr/src/Responses/Json/Error.php">
        <class name="Error" namespace="phpsolr\Responses\json">
          <metrics methods="3" coveredmethods="0" conditionals="0" coveredconditionals="0" statements="9" coveredstatements="0" elements="12" coveredelements="0"/>
        </class>
        <line num="4" type="stmt" count="0"/>
        <line num="12" type="method" name="getCode" crap="2" count="0"/>
        <line num="13" type="stmt" count="0"/>
        <line num="14" type="stmt" count="0"/>
        <line num="15" type="stmt" count="0"/>
        <line num="20" type="method" name="getMessage" crap="2" count="0"/>
        <line num="21" type="stmt" count="0"/>
        <line num="22" type="stmt" count="0"/>
        <line num="23" type="stmt" count="0"/>
        <line num="28" type="method" name="__toString" crap="2" count="0"/>
        <line num="29" type="stmt" count="0"/>
        <line num="30" type="stmt" count="0"/>
        <line num="31" type="stmt" count="0"/>
        <metrics loc="33" ncloc="24" classes="1" methods="3" coveredmethods="0" conditionals="0" coveredconditionals="0" statements="10" coveredstatements="0" elements="13" coveredelements="0"/>
      </file>
      <file name="/var/www/UsefulPHPClasses/phpsolr/src/Responses/Json/FacetCounts.php">
        <class name="FacetCounts" namespace="phpsolr\Responses\json">
          <metrics methods="2" coveredmethods="0" conditionals="0" coveredconditionals="0" statements="12" coveredstatements="0" elements="14" coveredelements="0"/>
        </class>
        <line num="4" type="stmt" count="0"/>
        <line num="15" type="method" name="hasFields" crap="2" count="0"/>
        <line num="16" type="stmt" count="0"/>
        <line num="17" type="stmt" count="0"/>
        <line num="18" type="stmt" count="0"/>
        <line num="23" type="method" name="getFields" crap="12" count="0"/>
        <line num="24" type="stmt" count="0"/>
        <line num="25" type="stmt" count="0"/>
        <line num="26" type="stmt" count="0"/>
        <line num="27" type="stmt" count="0"/>
        <line num="29" type="stmt" count="0"/>
        <line num="30" type="stmt" count="0"/>
        <line num="31" type="stmt" count="0"/>
        <line num="33" type="stmt" count="0"/>
        <line num="34" type="stmt" count="0"/>
        <metrics loc="36" ncloc="27" classes="1" methods="2" coveredmethods="0" conditionals="0" coveredconditionals="0" statements="13" coveredstatements="0" elements="15" coveredelements="0"/>
      </file>
      <file name="/var/www/UsefulPHPClasses/phpsolr/src/Responses/Json/FacetField.php">
        <class name="FacetField" namespace="phpsolr\Responses\json">
          <metrics methods="3" coveredmethods="0" conditionals="0" coveredconditionals="0" statements="12" coveredstatements="0" elements="15" coveredelements="0"/>
        </class>
        <line num="4" type="stmt" count="0"/>
        <line num="21" type="method" name="__construct" crap="2" count="0"/>
        <line num="22" type="stmt" count="0"/>
        <line num="23" type="stmt" count="0"/>
        <line num="24" type="stmt" count="0"/>
        <line num="25" type="stmt" count="0"/>
        <line num="30" type="method" name="getValues" crap="2" count="0"/>
        <line num="31" type="stmt" count="0"/>
        <line num="32" type="stmt" count="0"/>
        <line num="33" type="stmt" count="0"/>
        <line num="38" type="method" name="initValues" crap="6" count="0"/>
        <line num="39" type="stmt" count="0"/>
        <line num="40" type="stmt" count="0"/>
        <line num="41" type="stmt" count="0"/>
        <line num="42" type="stmt" count="0"/>
        <line num="43" type="stmt" count="0"/>
        <metrics loc="45" ncloc="29" classes="1" methods="3" coveredmethods="0" conditionals="0" coveredconditionals="0" statements="13" coveredstatements="0" elements="16" coveredelements="0"/>
      </file>
      <file name="/var/www/UsefulPHPClasses/phpsolr/src/Responses/Json/ResponseHeader.php">
        <class name="ResponseHeader" namespace="phpsolr\Responses\json">
          <metrics methods="2" coveredmethods="0" conditionals="0" coveredconditionals="0" statements="6" coveredstatements="0" elements="8" coveredelements="0"/>
        </class>
        <line num="4" type="stmt" count="0"/>
        <line num="15" type="method" name="__construct" crap="2" count="0"/>
        <line num="16" type="stmt" count="0"/>
        <line num="17" type="stmt" count="0"/>
        <line num="18" type="stmt" count="0"/>
        <line num="23" type="method" name="getNumFound" crap="2" count="0"/>
        <line num="24" type="stmt" count="0"/>
        <line num="25" type="stmt" count="0"/>
        <line num="26" type="stmt" count="0"/>
        <metrics loc="28" ncloc="19" classes="1" methods="2" coveredmethods="0" conditionals="0" coveredconditionals="0" statements="7" coveredstatements="0" elements="9" coveredelements="0"/>
      </file>
      <file name="/var/www/UsefulPHPClasses/phpsolr/src/Responses/Json/Value.php">
        <class name="Value" namespace="phpsolr\Responses\json">
          <metrics methods="3" coveredmethods="0" conditionals="0" coveredconditionals="0" statements="10" coveredstatements="0" elements="13" coveredelements="0"/>
        </class>
        <line num="4" type="stmt" count="0"/>
        <line num="21" type="method" name="__construct" crap="2" count="0"/>
        <line num="22" type="stmt" count="0"/>
        <line num="23" type="stmt" count="0"/>
        <line num="24" type="stmt" count="0"/>
        <line num="25" type="stmt" count="0"/>
        <line num="30" type="method" name="getValue" crap="2" count="0"/>
        <line num="31" type="stmt" count="0"/>
        <line num="32" type="stmt" count="0"/>
        <line num="33" type="stmt" count="0"/>
        <line num="38" type="method" name="getNumFound" crap="2" count="0"/>
        <line num="39" type="stmt" count="0"/>
        <line num="40" type="stmt" count="0"/>
        <line num="41" type="stmt" count="0"/>
        <metrics loc="43" ncloc="27" classes="1" methods="3" coveredmethods="0" conditionals="0" coveredconditionals="0" statements="11" coveredstatements="0" elements="14" coveredelements="0"/>
      </file>
    </package>
    <file name="/var/www/UsefulPHPClasses/phpsolr/src/Responses/ResponseHeaderInterface.php">
      <line num="4" type="stmt" count="0"/>
      <metrics loc="11" ncloc="11" classes="0" methods="0" coveredmethods="0" conditionals="0" coveredconditionals="0" statements="1" coveredstatements="0" elements="1" coveredelements="0"/>
    </file>
    <metrics files="29" loc="1477" ncloc="1050" classes="27" methods="97" coveredmethods="6" conditionals="0" coveredconditionals="0" statements="484" coveredstatements="12" elements="581" coveredelements="18"/>
  </project>
</coverage>
